\BOOKMARK [0][-]{section*.3}{\376\377\000\332\000v\000o\000d}{}% 1
\BOOKMARK [0][-]{chapter.4}{\376\377\000P\000o\000p\000i\000s\000\040\000z\000a\001\131\000\355\000z\000e\000n\000\355\000:}{}% 2
\BOOKMARK [1][-]{section.7}{\376\377\000S\000t\001\157\000l}{chapter.4}% 3
\BOOKMARK [1][-]{section.12}{\376\377\000R\000a\000c\000k}{chapter.4}% 4
\BOOKMARK [1][-]{section.13}{\376\377\000I\000n\000t\000e\000r\000f\000a\000c\000e}{chapter.4}% 5
\BOOKMARK [1][-]{section.14}{\376\377\000A\000d\000a\000p\000t\000\351\000r}{chapter.4}% 6
\BOOKMARK [2][-]{subsection.19}{\376\377\000V\000\375\000m\001\033\000n\000a\000\040\000a\000d\000a\000p\000t\000\351\000r\001\157\000:}{section.14}% 7
\BOOKMARK [0][-]{chapter.27}{\376\377\000O\000b\000s\000l\000u\000h\000a\000\040\000z\000a\001\131\000\355\000z\000e\000n\000\355\000:}{}% 8
\BOOKMARK [1][-]{section.28}{\376\377\000P\000r\000a\000c\000o\000v\000n\000\355\000\040\000p\000o\000s\000t\000u\000p\000:}{chapter.27}% 9
\BOOKMARK [0][-]{chapter.38}{\376\377\000S\000o\000f\000t\000w\000a\000r\000e}{}% 10
\BOOKMARK [1][-]{section.39}{\376\377\000S\000t\000a\000n\000d\000a\000r\000d\000n\000\355\000\040\000u\001\176\000i\000v\000a\000t\000e\000l}{chapter.38}% 11
\BOOKMARK [2][-]{subsection.42}{\376\377\000S\000e\000k\000c\000e\000\040\000v\000o\000l\000b\000a\000\040\000t\000e\000s\000t\000o\000v\000a\000n\000\351\000\040\000d\000e\000s\000k\000y}{section.39}% 12
\BOOKMARK [2][-]{subsection.43}{\376\377\000S\000e\000k\000c\000e\000\040\000T\000e\000s\000t\000e\000r}{section.39}% 13
\BOOKMARK [1][-]{section.44}{\376\377\000S\000o\000f\000t\000w\000a\000r\000e\000\040\000-\000\040\000O\000b\000s\000l\000u\000h\000a\000\040\000t\000e\000s\000t\000e\000r\000u}{chapter.38}% 14
\BOOKMARK [2][-]{subsection.45}{\376\377\000P\001\131\000i\000h\000l\000\341\001\141\000e\000n\000\355\000\040\000o\000b\000s\000l\000u\000h\000y}{section.44}% 15
\BOOKMARK [2][-]{subsection.46}{\376\377\000S\000k\000e\000n\000o\000v\000\341\000n\000\355\000\040\001\015\000\355\000s\000l\000a\000\040\000z\000a\000k\000\341\000z\000k\000y\000:}{section.44}% 16
\BOOKMARK [1][-]{section.47}{\376\377\000S\000k\000e\000n\000o\000v\000\341\000n\000\355\000\040\000S\000\351\000r\000i\000o\000v\000\351\000h\000o\000\040\001\015\000\355\000s\000l\000a\000:}{chapter.38}% 17
\BOOKMARK [2][-]{subsection.50}{\376\377\000V\000l\000o\001\176\000e\000n\000\355\000\040\000d\000e\000s\000k\000y\000\040\000d\000o\000\040\000s\000p\000r\000\341\000v\000n\000\351\000\040\000p\000o\000z\000i\000c\000e\000:}{section.47}% 18
\BOOKMARK [2][-]{subsection.55}{\376\377\000D\000o\000k\000o\000n\001\015\000e\000n\000\355\000\040\000t\000e\000s\000t\000u\000:}{section.47}% 19
\BOOKMARK [1][-]{section.59}{\376\377\000P\000a\000r\000a\000l\000e\000l\000n\000\355\000\040\000p\000r\000o\000g\000r\000a\000m\000o\000v\000\341\000n\000\355}{chapter.38}% 20
\BOOKMARK [2][-]{subsection.60}{\376\377\000S\000k\000e\000n\000o\000v\000\341\000n\000\355\000\040\000p\000o\000z\000i\000c\000e\000\040\000A\000:}{section.59}% 21
\BOOKMARK [2][-]{subsection.63}{\376\377\000S\000k\000e\000n\000o\000v\000\341\000n\000\355\000\040\000p\000o\000z\000i\000c\000e\000\040\000B\000:}{section.59}% 22
\BOOKMARK [2][-]{subsection.66}{\376\377\000P\000r\001\157\000b\001\033\000h\000\040\000t\000e\000s\000t\000u\000:}{section.59}% 23
\BOOKMARK [2][-]{subsection.69}{\376\377\000V\000\375\000s\000l\000e\000d\000k\000y\000\040\000t\000e\000s\000t\001\157\000:}{section.59}% 24
\BOOKMARK [1][-]{section.74}{\376\377\000T\000e\000s\000t\000o\000v\000\341\000n\000\355\000\040\000L\000E\000D}{chapter.38}% 25
\BOOKMARK [0][-]{chapter.77}{\376\377\000S\000o\000f\000t\000w\000a\000r\000e\000\040\000-\000\040\000A\000d\000m\000i\000n\000i\000s\000t\000r\000\341\000t\000o\000r\000s\000k\000\375\000\040\000m\000\363\000d}{}% 26
\BOOKMARK [1][-]{subsection.80}{\376\377\000S\000e\000k\000c\000e\000\040\000M\000o\001\176\000n\000o\000s\000t\000i\000\040\000t\000e\000s\000t\000u\000:}{chapter.77}% 27
\BOOKMARK [2][-]{subsection.81}{\376\377\000S\000e\000k\000c\000e\000\040\000o\000v\000l\000\341\000d\000\341\000n\000\355\000\040\000h\000l\000a\000v\000n\000\355\000\040\000d\000e\000s\000k\000y\000:}{subsection.80}% 28
\BOOKMARK [2][-]{subsection.82}{\376\377\000S\000e\000k\000c\000e\000\040\000F\000L\000A\000S\000H\000R\000U\000N\000N\000E\000R\000:}{subsection.80}% 29
\BOOKMARK [2][-]{subsection.83}{\376\377\000S\000e\000k\000c\000e\000\040\000G\000W\000I\000N\000S\000T\000E\000K\000\040\000P\000S\000U\000:}{subsection.80}% 30
\BOOKMARK [1][-]{section.84}{\376\377\000C\000h\000y\000b\000y}{chapter.77}% 31
\BOOKMARK [0][-]{chapter.87}{\376\377\000S\000t\000r\000u\000k\000t\000u\000r\000a\000\040\000s\000l\000o\001\176\000e\000k\000:}{}% 32
\BOOKMARK [1][-]{section.92}{\376\377\000P\001\131\000\355\000d\000a\000v\000n\000\351\000\040\000u\000t\000i\000l\000i\000t\000y}{chapter.87}% 33
\BOOKMARK [0][-]{section*.94}{\376\377\000Z\000\341\000v\001\033\000r}{}% 34
