This is pdfTeX, Version 3.141592653-2.6-1.40.24 (MiKTeX 22.3) (preloaded format=pdflatex 2022.4.20)  15 NOV 2022 13:53
entering extended mode
 restricted \write18 enabled.
 file:line:error style messages enabled.
 %&-line parsing enabled.
**c:/Users/Filip/Desktop/PATAK_zimni/DVV/LAB6/DVV_LAB6_PAUL.tex
(c:/Users/Filip/Desktop/PATAK_zimni/DVV/LAB6/DVV_LAB6_PAUL.tex
LaTeX2e <2021-11-15> patch level 1
L3 programming layer <2022-02-24> (C:\Program Files\MiKTeX\tex/latex/base\article.cls
Document Class: article 2021/10/04 v1.4n Standard LaTeX document class
(C:\Program Files\MiKTeX\tex/latex/base\size10.clo
File: size10.clo 2021/10/04 v1.4n Standard LaTeX file (size option)
)
\c@part=\count185
\c@section=\count186
\c@subsection=\count187
\c@subsubsection=\count188
\c@paragraph=\count189
\c@subparagraph=\count190
\c@figure=\count191
\c@table=\count192
\abovecaptionskip=\skip47
\belowcaptionskip=\skip48
\bibindent=\dimen138
) (C:\Users\Filip\AppData\Roaming\MiKTeX\tex/latex/geometry\geometry.sty
Package: geometry 2020/01/02 v5.9 Page Geometry
 (C:\Program Files\MiKTeX\tex/latex/graphics\keyval.sty
Package: keyval 2014/10/28 v1.15 key=value parser (DPC)
\KV@toks@=\toks16
) (C:\Program Files\MiKTeX\tex/generic/iftex\ifvtex.sty
Package: ifvtex 2019/10/25 v1.7 ifvtex legacy package. Use iftex instead.
 (C:\Program Files\MiKTeX\tex/generic/iftex\iftex.sty
Package: iftex 2022/02/03 v1.0f TeX engine tests
))
\Gm@cnth=\count193
\Gm@cntv=\count194
\c@Gm@tempcnt=\count195
\Gm@bindingoffset=\dimen139
\Gm@wd@mp=\dimen140
\Gm@odd@mp=\dimen141
\Gm@even@mp=\dimen142
\Gm@layoutwidth=\dimen143
\Gm@layoutheight=\dimen144
\Gm@layouthoffset=\dimen145
\Gm@layoutvoffset=\dimen146
\Gm@dimlist=\toks17
 (C:\Users\Filip\AppData\Roaming\MiKTeX\tex/latex/geometry\geometry.cfg)) (C:\Program Files\MiKTeX\tex/latex/amsmath\amsmath.sty
Package: amsmath 2021/10/15 v2.17l AMS math features
\@mathmargin=\skip49

For additional information on amsmath, use the `?' option.
(C:\Program Files\MiKTeX\tex/latex/amsmath\amstext.sty
Package: amstext 2021/08/26 v2.01 AMS text
 (C:\Program Files\MiKTeX\tex/latex/amsmath\amsgen.sty
File: amsgen.sty 1999/11/30 v2.0 generic functions
\@emptytoks=\toks18
\ex@=\dimen147
)) (C:\Program Files\MiKTeX\tex/latex/amsmath\amsbsy.sty
Package: amsbsy 1999/11/29 v1.2d Bold Symbols
\pmbraise@=\dimen148
) (C:\Program Files\MiKTeX\tex/latex/amsmath\amsopn.sty
Package: amsopn 2021/08/26 v2.02 operator names
)
\inf@bad=\count196
LaTeX Info: Redefining \frac on input line 234.
\uproot@=\count197
\leftroot@=\count198
LaTeX Info: Redefining \overline on input line 399.
\classnum@=\count199
\DOTSCASE@=\count266
LaTeX Info: Redefining \ldots on input line 496.
LaTeX Info: Redefining \dots on input line 499.
LaTeX Info: Redefining \cdots on input line 620.
\Mathstrutbox@=\box50
\strutbox@=\box51
\big@size=\dimen149
LaTeX Font Info:    Redeclaring font encoding OML on input line 743.
LaTeX Font Info:    Redeclaring font encoding OMS on input line 744.
\macc@depth=\count267
\c@MaxMatrixCols=\count268
\dotsspace@=\muskip16
\c@parentequation=\count269
\dspbrk@lvl=\count270
\tag@help=\toks19
\row@=\count271
\column@=\count272
\maxfields@=\count273
\andhelp@=\toks20
\eqnshift@=\dimen150
\alignsep@=\dimen151
\tagshift@=\dimen152
\tagwidth@=\dimen153
\totwidth@=\dimen154
\lineht@=\dimen155
\@envbody=\toks21
\multlinegap=\skip50
\multlinetaggap=\skip51
\mathdisplay@stack=\toks22
LaTeX Info: Redefining \[ on input line 2938.
LaTeX Info: Redefining \] on input line 2939.
) (C:\Program Files\MiKTeX\tex/latex/amsfonts\amsfonts.sty
Package: amsfonts 2013/01/14 v3.01 Basic AMSFonts support
\symAMSa=\mathgroup4
\symAMSb=\mathgroup5
LaTeX Font Info:    Redeclaring math symbol \hbar on input line 98.
LaTeX Font Info:    Overwriting math alphabet `\mathfrak' in version `bold'
(Font)                  U/euf/m/n --> U/euf/b/n on input line 106.
) (C:\Program Files\MiKTeX\tex/latex/amsfonts\amssymb.sty
Package: amssymb 2013/01/14 v3.01 AMS font symbols
) (C:\Program Files\MiKTeX\tex/latex/graphics\graphicx.sty
Package: graphicx 2021/09/16 v1.2d Enhanced LaTeX Graphics (DPC,SPQR)
 (C:\Program Files\MiKTeX\tex/latex/graphics\graphics.sty
Package: graphics 2021/03/04 v1.4d Standard LaTeX Graphics (DPC,SPQR)
 (C:\Program Files\MiKTeX\tex/latex/graphics\trig.sty
Package: trig 2021/08/11 v1.11 sin cos tan (DPC)
) (C:\Program Files\MiKTeX\tex/latex/graphics-cfg\graphics.cfg
File: graphics.cfg 2016/06/04 v1.11 sample graphics configuration
)
Package graphics Info: Driver file: pdftex.def on input line 107.
 (C:\Program Files\MiKTeX\tex/latex/graphics-def\pdftex.def
File: pdftex.def 2020/10/05 v1.2a Graphics/color driver for pdftex
))
\Gin@req@height=\dimen156
\Gin@req@width=\dimen157
) (C:\Program Files\MiKTeX\tex/latex/tools\array.sty
Package: array 2021/10/04 v2.5f Tabular extension package (FMi)
\col@sep=\dimen158
\ar@mcellbox=\box52
\extrarowheight=\dimen159
\NC@list=\toks23
\extratabsurround=\skip52
\backup@length=\skip53
\ar@cellbox=\box53
) (C:\Users\Filip\AppData\Roaming\MiKTeX\tex/latex/easy\easytable.sty
Document Style `easytable' v1.0 <2001/06/13>.
(C:\Users\Filip\AppData\Roaming\MiKTeX\tex/latex/easy\easy.sty
Document Style `easy' v1.1 <2001/05/31>.
Package: easy 2001/05/31 v1.1
\@easy@level=\count274
\@easy@ncol=\count275
\@easy@nrow=\count276
\@easy@cnt=\count277
\@easy@boxviii=\box54
\@easy@minxviii=\dimen160
\@easy@minyviii=\dimen161
\@easy@maxxviii=\dimen162
\@easy@maxyviii=\dimen163
\@easy@boxvii=\box55
\@easy@minxvii=\dimen164
\@easy@minyvii=\dimen165
\@easy@maxxvii=\dimen166
\@easy@maxyvii=\dimen167
\@easy@boxvi=\box56
\@easy@minxvi=\dimen168
\@easy@minyvi=\dimen169
\@easy@maxxvi=\dimen170
\@easy@maxyvi=\dimen171
\@easy@boxv=\box57
\@easy@minxv=\dimen172
\@easy@minyv=\dimen173
\@easy@maxxv=\dimen174
\@easy@maxyv=\dimen175
\@easy@boxiv=\box58
\@easy@minxiv=\dimen176
\@easy@minyiv=\dimen177
\@easy@maxxiv=\dimen178
\@easy@maxyiv=\dimen179
\@easy@boxiii=\box59
\@easy@minxiii=\dimen180
\@easy@minyiii=\dimen181
\@easy@maxxiii=\dimen182
\@easy@maxyiii=\dimen183
\@easy@boxii=\box60
\@easy@minxii=\dimen184
\@easy@minyii=\dimen185
\@easy@maxxii=\dimen186
\@easy@maxyii=\dimen187
\@easy@boxi=\box61
\@easy@minxi=\dimen188
\@easy@minyi=\dimen189
\@easy@maxxi=\dimen190
\@easy@maxyi=\dimen191
\@easy@hsizexxx=\dimen192
\@easy@vsizexxx=\dimen193
\@easy@hsizexxix=\dimen194
\@easy@vsizexxix=\dimen195
\@easy@hsizexxviii=\dimen196
\@easy@vsizexxviii=\dimen197
\@easy@hsizexxvii=\dimen198
\@easy@vsizexxvii=\dimen199
\@easy@hsizexxvi=\dimen256
\@easy@vsizexxvi=\dimen257
\@easy@hsizexxv=\dimen258
\@easy@vsizexxv=\dimen259
\@easy@hsizexxiv=\dimen260
\@easy@vsizexxiv=\dimen261
\@easy@hsizexxiii=\dimen262
\@easy@vsizexxiii=\dimen263
\@easy@hsizexxii=\dimen264
\@easy@vsizexxii=\dimen265
\@easy@hsizexxi=\dimen266
\@easy@vsizexxi=\dimen267
\@easy@hsizexx=\dimen268
\@easy@vsizexx=\dimen269
\@easy@hsizexix=\dimen270
\@easy@vsizexix=\dimen271
\@easy@hsizexviii=\dimen272
\@easy@vsizexviii=\dimen273
\@easy@hsizexvii=\dimen274
\@easy@vsizexvii=\dimen275
\@easy@hsizexvi=\dimen276
\@easy@vsizexvi=\dimen277
\@easy@hsizexv=\dimen278
\@easy@vsizexv=\dimen279
\@easy@hsizexiv=\dimen280
\@easy@vsizexiv=\dimen281
\@easy@hsizexiii=\dimen282
\@easy@vsizexiii=\dimen283
\@easy@hsizexii=\dimen284
\@easy@vsizexii=\dimen285
\@easy@hsizexi=\dimen286
\@easy@vsizexi=\dimen287
\@easy@hsizex=\dimen288
\@easy@vsizex=\dimen289
\@easy@hsizeix=\dimen290
\@easy@vsizeix=\dimen291
\@easy@hsizeviii=\dimen292
\@easy@vsizeviii=\dimen293
\@easy@hsizevii=\dimen294
\@easy@vsizevii=\dimen295
\@easy@hsizevi=\dimen296
\@easy@vsizevi=\dimen297
\@easy@hsizev=\dimen298
\@easy@vsizev=\dimen299
\@easy@hsizeiv=\dimen300
\@easy@vsizeiv=\dimen301
\@easy@hsizeiii=\dimen302
\@easy@vsizeiii=\dimen303
\@easy@hsizeii=\dimen304
\@easy@vsizeii=\dimen305
\@easy@hsizei=\dimen306
\@easy@vsizei=\dimen307
\@easy@dash@len=\dimen308
\@easy@dash@sep=\dimen309
)
Package: easytable 2001/05/31v1.1
\@tab@size@rule=\dimen310
\@tab@size@dash=\dimen311
) (C:\Users\Filip\AppData\Roaming\MiKTeX\tex/latex/float\float.sty
Package: float 2001/11/08 v1.3d Float enhancements (AL)
\c@float@type=\count278
\float@exts=\toks24
\float@box=\box62
\@float@everytoks=\toks25
\@floatcapt=\box63
) (C:\Users\Filip\AppData\Roaming\MiKTeX\tex/latex/placeins\placeins.sty
Package: placeins 2005/04/18  v 2.2
) (C:\Program Files\MiKTeX\tex/latex/hyperref\hyperref.sty
Package: hyperref 2022-02-21 v7.00n Hypertext links for LaTeX
 (C:\Users\Filip\AppData\Roaming\MiKTeX\tex/generic/ltxcmds\ltxcmds.sty
Package: ltxcmds 2020-05-10 v1.25 LaTeX kernel commands for general use (HO)
) (C:\Program Files\MiKTeX\tex/generic/pdftexcmds\pdftexcmds.sty
Package: pdftexcmds 2020-06-27 v0.33 Utility functions of pdfTeX for LuaTeX (HO)
 (C:\Users\Filip\AppData\Roaming\MiKTeX\tex/generic/infwarerr\infwarerr.sty
Package: infwarerr 2019/12/03 v1.5 Providing info/warning/error messages (HO)
)
Package pdftexcmds Info: \pdf@primitive is available.
Package pdftexcmds Info: \pdf@ifprimitive is available.
Package pdftexcmds Info: \pdfdraftmode found.
) (C:\Users\Filip\AppData\Roaming\MiKTeX\tex/generic/kvsetkeys\kvsetkeys.sty
Package: kvsetkeys 2019/12/15 v1.18 Key value parser (HO)
) (C:\Users\Filip\AppData\Roaming\MiKTeX\tex/generic/kvdefinekeys\kvdefinekeys.sty
Package: kvdefinekeys 2019-12-19 v1.6 Define keys (HO)
) (C:\Users\Filip\AppData\Roaming\MiKTeX\tex/generic/pdfescape\pdfescape.sty
Package: pdfescape 2019/12/09 v1.15 Implements pdfTeX's escape features (HO)
) (C:\Users\Filip\AppData\Roaming\MiKTeX\tex/latex/hycolor\hycolor.sty
Package: hycolor 2020-01-27 v1.10 Color options for hyperref/bookmark (HO)
) (C:\Users\Filip\AppData\Roaming\MiKTeX\tex/latex/letltxmacro\letltxmacro.sty
Package: letltxmacro 2019/12/03 v1.6 Let assignment for LaTeX macros (HO)
) (C:\Users\Filip\AppData\Roaming\MiKTeX\tex/latex/auxhook\auxhook.sty
Package: auxhook 2019-12-17 v1.6 Hooks for auxiliary files (HO)
) (C:\Users\Filip\AppData\Roaming\MiKTeX\tex/latex/kvoptions\kvoptions.sty
Package: kvoptions 2020-10-07 v3.14 Key value format for package options (HO)
)
\@linkdim=\dimen312
\Hy@linkcounter=\count279
\Hy@pagecounter=\count280
 (C:\Program Files\MiKTeX\tex/latex/hyperref\pd1enc.def
File: pd1enc.def 2022-02-21 v7.00n Hyperref: PDFDocEncoding definition (HO)
Now handling font encoding PD1 ...
... no UTF-8 mapping file for font encoding PD1
) (C:\Users\Filip\AppData\Roaming\MiKTeX\tex/generic/intcalc\intcalc.sty
Package: intcalc 2019/12/15 v1.3 Expandable calculations with integers (HO)
) (C:\Users\Filip\AppData\Roaming\MiKTeX\tex/generic/etexcmds\etexcmds.sty
Package: etexcmds 2019/12/15 v1.7 Avoid name clashes with e-TeX commands (HO)
)
\Hy@SavedSpaceFactor=\count281
 (C:\Program Files\MiKTeX\tex/latex/hyperref\puenc.def
File: puenc.def 2022-02-21 v7.00n Hyperref: PDF Unicode definition (HO)
Now handling font encoding PU ...
... no UTF-8 mapping file for font encoding PU
)
Package hyperref Info: Hyper figures OFF on input line 4137.
Package hyperref Info: Link nesting OFF on input line 4142.
Package hyperref Info: Hyper index ON on input line 4145.
Package hyperref Info: Plain pages OFF on input line 4152.
Package hyperref Info: Backreferencing OFF on input line 4157.
Package hyperref Info: Implicit mode ON; LaTeX internals redefined.
Package hyperref Info: Bookmarks ON on input line 4390.
\c@Hy@tempcnt=\count282
 (C:\Program Files\MiKTeX\tex/latex/url\url.sty
\Urlmuskip=\muskip17
Package: url 2013/09/16  ver 3.4  Verb mode for urls, etc.
)
LaTeX Info: Redefining \url on input line 4749.
\XeTeXLinkMargin=\dimen313
 (C:\Users\Filip\AppData\Roaming\MiKTeX\tex/generic/bitset\bitset.sty
Package: bitset 2019/12/09 v1.3 Handle bit-vector datatype (HO)
 (C:\Users\Filip\AppData\Roaming\MiKTeX\tex/generic/bigintcalc\bigintcalc.sty
Package: bigintcalc 2019/12/15 v1.5 Expandable calculations on big integers (HO)
))
\Fld@menulength=\count283
\Field@Width=\dimen314
\Fld@charsize=\dimen315
Package hyperref Info: Hyper figures OFF on input line 6027.
Package hyperref Info: Link nesting OFF on input line 6032.
Package hyperref Info: Hyper index ON on input line 6035.
Package hyperref Info: backreferencing OFF on input line 6042.
Package hyperref Info: Link coloring OFF on input line 6047.
Package hyperref Info: Link coloring with OCG OFF on input line 6052.
Package hyperref Info: PDF/A mode OFF on input line 6057.
LaTeX Info: Redefining \ref on input line 6097.
LaTeX Info: Redefining \pageref on input line 6101.
 (C:\Program Files\MiKTeX\tex/latex/base\atbegshi-ltx.sty
Package: atbegshi-ltx 2021/01/10 v1.0c Emulation of the original atbegshi
package with kernel methods
)
\Hy@abspage=\count284
\c@Item=\count285
\c@Hfootnote=\count286
)
Package hyperref Info: Driver (autodetected): hpdftex.
 (C:\Program Files\MiKTeX\tex/latex/hyperref\hpdftex.def
File: hpdftex.def 2022-02-21 v7.00n Hyperref driver for pdfTeX
 (C:\Program Files\MiKTeX\tex/latex/base\atveryend-ltx.sty
Package: atveryend-ltx 2020/08/19 v1.0a Emulation of the original atveryend package
with kernel methods
)
\Fld@listcount=\count287
\c@bookmark@seq@number=\count288
 (C:\Users\Filip\AppData\Roaming\MiKTeX\tex/latex/rerunfilecheck\rerunfilecheck.sty
Package: rerunfilecheck 2019/12/05 v1.9 Rerun checks for auxiliary files (HO)
 (C:\Users\Filip\AppData\Roaming\MiKTeX\tex/generic/uniquecounter\uniquecounter.sty
Package: uniquecounter 2019/12/15 v1.4 Provide unlimited unique counter (HO)
)
Package uniquecounter Info: New unique counter `rerunfilecheck' on input line 286.
)
\Hy@SectionHShift=\skip54
) (C:\Users\Filip\AppData\Roaming\MiKTeX\tex/latex/enumitem\enumitem.sty
Package: enumitem 2019/06/20 v3.9 Customized lists
\labelindent=\skip55
\enit@outerparindent=\dimen316
\enit@toks=\toks26
\enit@inbox=\box64
\enit@count@id=\count289
\enitdp@description=\count290
) (C:\Users\Filip\AppData\Roaming\MiKTeX\tex/latex/svg\svg.sty
Package: svg 2020/11/26 v2.02k (include SVG pictures)
 (C:\Users\Filip\AppData\Roaming\MiKTeX\tex/latex/koma-script\scrbase.sty
Package: scrbase 2021/11/13 v3.35 KOMA-Script package (KOMA-Script-independent basics and keyval usage)
 (C:\Users\Filip\AppData\Roaming\MiKTeX\tex/latex/koma-script\scrlfile.sty
Package: scrlfile 2021/11/13 v3.35 KOMA-Script package (file load hooks)
 (C:\Users\Filip\AppData\Roaming\MiKTeX\tex/latex/koma-script\scrlfile-hook.sty
Package: scrlfile-hook 2021/11/13 v3.35 KOMA-Script package (using LaTeX hooks)
 (C:\Users\Filip\AppData\Roaming\MiKTeX\tex/latex/koma-script\scrlogo.sty
Package: scrlogo 2021/11/13 v3.35 KOMA-Script package (logo)
)))
Applying: [2021/05/01] Usage of raw or classic option list on input line 252.
Already applied: [0000/00/00] Usage of raw or classic option list on input line 368.
) (C:\Program Files\MiKTeX\tex/latex/trimspaces\trimspaces.sty
Package: trimspaces 2009/09/17 v1.1 Trim spaces around a token list
) (C:\Program Files\MiKTeX\tex/latex/tools\shellesc.sty
Package: shellesc 2019/11/08 v1.0c unified shell escape interface for LaTeX
Package shellesc Info: Restricted shell escape enabled on input line 77.
)
\c@svg@param@lastpage=\count291
\svg@box=\box65
\c@svg@param@currpage=\count292
) (C:\Program Files\MiKTeX\tex/latex/xcolor\xcolor.sty
Package: xcolor 2021/10/31 v2.13 LaTeX color extensions (UK)
 (C:\Program Files\MiKTeX\tex/latex/graphics-cfg\color.cfg
File: color.cfg 2016/01/02 v1.6 sample color configuration
)
Package xcolor Info: Driver file: pdftex.def on input line 227.
Package xcolor Info: Model `cmy' substituted by `cmy0' on input line 1352.
Package xcolor Info: Model `hsb' substituted by `rgb' on input line 1356.
Package xcolor Info: Model `RGB' extended on input line 1368.
Package xcolor Info: Model `HTML' substituted by `rgb' on input line 1370.
Package xcolor Info: Model `Hsb' substituted by `hsb' on input line 1371.
Package xcolor Info: Model `tHsb' substituted by `hsb' on input line 1372.
Package xcolor Info: Model `HSB' substituted by `hsb' on input line 1373.
Package xcolor Info: Model `Gray' substituted by `gray' on input line 1374.
Package xcolor Info: Model `wave' substituted by `hsb' on input line 1375.
) (C:\Users\Filip\AppData\Roaming\MiKTeX\tex/latex/transparent\transparent.sty
Package: transparent 2019/11/29 v1.4 Transparency via pdfTeX's color stack (HO)
) (C:\Program Files\MiKTeX\tex/latex/pgf/systemlayer\pgfsys.sty (C:\Program Files\MiKTeX\tex/latex/pgf/utilities\pgfrcs.sty (C:\Program Files\MiKTeX\tex/generic/pgf/utilities\pgfutil-common.tex
\pgfutil@everybye=\toks27
\pgfutil@tempdima=\dimen317
\pgfutil@tempdimb=\dimen318
 (C:\Program Files\MiKTeX\tex/generic/pgf/utilities\pgfutil-common-lists.tex)) (C:\Program Files\MiKTeX\tex/generic/pgf/utilities\pgfutil-latex.def
\pgfutil@abb=\box66
) (C:\Program Files\MiKTeX\tex/generic/pgf/utilities\pgfrcs.code.tex (C:\Program Files\MiKTeX\tex/generic/pgf\pgf.revision.tex)
Package: pgfrcs 2021/05/15 v3.1.9a (3.1.9a)
)) (C:\Program Files\MiKTeX\tex/generic/pgf/systemlayer\pgfsys.code.tex
Package: pgfsys 2021/05/15 v3.1.9a (3.1.9a)
 (C:\Program Files\MiKTeX\tex/generic/pgf/utilities\pgfkeys.code.tex
\pgfkeys@pathtoks=\toks28
\pgfkeys@temptoks=\toks29
 (C:\Program Files\MiKTeX\tex/generic/pgf/utilities\pgfkeysfiltered.code.tex
\pgfkeys@tmptoks=\toks30
))
\pgf@x=\dimen319
\pgf@y=\dimen320
\pgf@xa=\dimen321
\pgf@ya=\dimen322
\pgf@xb=\dimen323
\pgf@yb=\dimen324
\pgf@xc=\dimen325
\pgf@yc=\dimen326
\pgf@xd=\dimen327
\pgf@yd=\dimen328
\w@pgf@writea=\write3
\r@pgf@reada=\read2
\c@pgf@counta=\count293
\c@pgf@countb=\count294
\c@pgf@countc=\count295
\c@pgf@countd=\count296
\t@pgf@toka=\toks31
\t@pgf@tokb=\toks32
\t@pgf@tokc=\toks33
\pgf@sys@id@count=\count297
 (C:\Program Files\MiKTeX\tex/generic/pgf/systemlayer\pgf.cfg
File: pgf.cfg 2021/05/15 v3.1.9a (3.1.9a)
)
Driver file for pgf: pgfsys-pdftex.def
 (C:\Program Files\MiKTeX\tex/generic/pgf/systemlayer\pgfsys-pdftex.def
File: pgfsys-pdftex.def 2021/05/15 v3.1.9a (3.1.9a)
 (C:\Program Files\MiKTeX\tex/generic/pgf/systemlayer\pgfsys-common-pdf.def
File: pgfsys-common-pdf.def 2021/05/15 v3.1.9a (3.1.9a)
))) (C:\Program Files\MiKTeX\tex/generic/pgf/systemlayer\pgfsyssoftpath.code.tex
File: pgfsyssoftpath.code.tex 2021/05/15 v3.1.9a (3.1.9a)
\pgfsyssoftpath@smallbuffer@items=\count298
\pgfsyssoftpath@bigbuffer@items=\count299
) (C:\Program Files\MiKTeX\tex/generic/pgf/systemlayer\pgfsysprotocol.code.tex
File: pgfsysprotocol.code.tex 2021/05/15 v3.1.9a (3.1.9a)
)) (C:\Users\Filip\AppData\Roaming\MiKTeX\tex/latex/multirow\bigstrut.sty
Package: bigstrut 2021/03/15 v2.8 Provide larger struts in tabulars
\bigstrutjot=\dimen329
) (C:\Users\Filip\AppData\Roaming\MiKTeX\tex/latex/wrapfig\wrapfig.sty
\wrapoverhang=\dimen330
\WF@size=\dimen331
\c@WF@wrappedlines=\count300
\WF@box=\box67
\WF@everypar=\toks34
Package: wrapfig 2003/01/31  v 3.6
) (C:\Users\Filip\AppData\Roaming\MiKTeX\tex/latex/lipsum\lipsum.sty (C:\Program Files\MiKTeX\tex/latex/l3packages/l3keys2e\l3keys2e.sty (C:\Program Files\MiKTeX\tex/latex/l3kernel\expl3.sty
Package: expl3 2022-02-24 L3 programming layer (loader) 
 (C:\Program Files\MiKTeX\tex/latex/l3backend\l3backend-pdftex.def
File: l3backend-pdftex.def 2022-02-07 L3 backend support: PDF output (pdfTeX)
\l__color_backend_stack_int=\count301
\l__pdf_internal_box=\box68
))
Package: l3keys2e 2022-01-12 LaTeX2e option processing using LaTeX3 keys
)
Package: lipsum 2021-09-20 v2.7 150 paragraphs of Lorem Ipsum dummy text
\g__lipsum_par_int=\count302
\l__lipsum_a_int=\count303
\l__lipsum_b_int=\count304
 (C:\Users\Filip\AppData\Roaming\MiKTeX\tex/latex/lipsum\lipsum.ltd.tex)) (C:\Users\Filip\AppData\Roaming\MiKTeX\tex/latex/booktabs\booktabs.sty
Package: booktabs 2020/01/12 v1.61803398 Publication quality tables
\heavyrulewidth=\dimen332
\lightrulewidth=\dimen333
\cmidrulewidth=\dimen334
\belowrulesep=\dimen335
\belowbottomsep=\dimen336
\aboverulesep=\dimen337
\abovetopsep=\dimen338
\cmidrulesep=\dimen339
\cmidrulekern=\dimen340
\defaultaddspace=\dimen341
\@cmidla=\count305
\@cmidlb=\count306
\@aboverulesep=\dimen342
\@belowrulesep=\dimen343
\@thisruleclass=\count307
\@lastruleclass=\count308
\@thisrulewidth=\dimen344
) (C:\Users\Filip\AppData\Roaming\MiKTeX\tex/latex/caption\subcaption.sty
Package: subcaption 2022/01/07 v1.5 Sub-captions (AR)
 (C:\Users\Filip\AppData\Roaming\MiKTeX\tex/latex/caption\caption.sty
Package: caption 2022/03/01 v3.6b Customizing captions (AR)
 (C:\Users\Filip\AppData\Roaming\MiKTeX\tex/latex/caption\caption3.sty
Package: caption3 2022/03/17 v2.3b caption3 kernel (AR)
\caption@tempdima=\dimen345
\captionmargin=\dimen346
\caption@leftmargin=\dimen347
\caption@rightmargin=\dimen348
\caption@width=\dimen349
\caption@indent=\dimen350
\caption@parindent=\dimen351
\caption@hangindent=\dimen352
Package caption Info: Standard document class detected.
)
\c@caption@flags=\count309
\c@continuedfloat=\count310
Package caption Info: float package is loaded.
Package caption Info: hyperref package is loaded.
Package caption Info: wrapfig package is loaded.
)
\c@subfigure=\count311
\c@subtable=\count312
) (C:\Program Files\MiKTeX\tex/latex/l3packages/xfrac\xfrac.sty (C:\Program Files\MiKTeX\tex/latex/base\textcomp.sty
Package: textcomp 2020/02/02 v2.0n Standard LaTeX package
) (C:\Program Files\MiKTeX\tex/latex/l3packages/xparse\xparse.sty
Package: xparse 2022-01-12 L3 Experimental document command parser
) (C:\Program Files\MiKTeX\tex/latex/l3packages/xtemplate\xtemplate.sty
Package: xtemplate 2022-01-12 L3 Experimental prototype document functions
\l__xtemplate_tmp_dim=\dimen353
\l__xtemplate_tmp_int=\count313
\l__xtemplate_tmp_muskip=\muskip18
\l__xtemplate_tmp_skip=\skip56
)
Package: xfrac 2022-01-12 L3 Experimental split-level fractions
\l__xfrac_slash_box=\box69
\l__xfrac_tmp_box=\box70
\l__xfrac_denominator_bot_sep_dim=\dimen354
\l__xfrac_numerator_bot_sep_dim=\dimen355
\l__xfrac_numerator_top_sep_dim=\dimen356
\l__xfrac_slash_left_sep_dim=\dimen357
\l__xfrac_slash_right_sep_dim=\dimen358
\l__xfrac_slash_left_muskip=\muskip19
\l__xfrac_slash_right_muskip=\muskip20

Package xtemplate Info: Declaring object type 'xfrac' taking 3 argument(s) on
(xtemplate)             line 80.

) (C:\Users\Filip\AppData\Roaming\MiKTeX\tex/latex/pdfpages\pdfpages.sty
Package: pdfpages 2022/01/29 v0.5u Insert pages of external PDF documents (AM)
 (C:\Program Files\MiKTeX\tex/latex/base\ifthen.sty
Package: ifthen 2020/11/24 v1.1c Standard LaTeX ifthen package (DPC)
) (C:\Program Files\MiKTeX\tex/latex/tools\calc.sty
Package: calc 2017/05/25 v4.3 Infix arithmetic (KKT,FJ)
\calc@Acount=\count314
\calc@Bcount=\count315
\calc@Adimen=\dimen359
\calc@Bdimen=\dimen360
\calc@Askip=\skip57
\calc@Bskip=\skip58
LaTeX Info: Redefining \setlength on input line 80.
LaTeX Info: Redefining \addtolength on input line 81.
\calc@Ccount=\count316
\calc@Cskip=\skip59
) (C:\Users\Filip\AppData\Roaming\MiKTeX\tex/latex/eso-pic\eso-pic.sty
Package: eso-pic 2020/10/14 v3.0a eso-pic (RN)
\ESO@tempdima=\dimen361
\ESO@tempdimb=\dimen362
)
\AM@pagewidth=\dimen363
\AM@pageheight=\dimen364
\AM@fboxrule=\dimen365
 (C:\Users\Filip\AppData\Roaming\MiKTeX\tex/latex/pdfpages\pppdftex.def
File: pppdftex.def 2022/01/29 v0.5u Pdfpages driver for pdfTeX (AM)
)
\pdfpages@includegraphics@status=\count317
\AM@pagebox=\box71
\AM@global@opts=\toks35
\AM@pagecnt=\count318
\AM@toc@title=\toks36
\c@AM@survey=\count319
\AM@templatesizebox=\box72
) (C:\Program Files\MiKTeX\tex/latex/listings\listings.sty
\lst@mode=\count320
\lst@gtempboxa=\box73
\lst@token=\toks37
\lst@length=\count321
\lst@currlwidth=\dimen366
\lst@column=\count322
\lst@pos=\count323
\lst@lostspace=\dimen367
\lst@width=\dimen368
\lst@newlines=\count324
\lst@lineno=\count325
\lst@maxwidth=\dimen369
 (C:\Program Files\MiKTeX\tex/latex/listings\lstmisc.sty
File: lstmisc.sty 2020/03/24 1.8d (Carsten Heinz)
\c@lstnumber=\count326
\lst@skipnumbers=\count327
\lst@framebox=\box74
) (C:\Program Files\MiKTeX\tex/latex/listings\listings.cfg
File: listings.cfg 2020/03/24 1.8d listings configuration
))
Package: listings 2020/03/24 1.8d (Carsten Heinz)
 (C:\Program Files\MiKTeX\tex/latex/base\fontenc.sty
Package: fontenc 2021/04/29 v2.0v Standard LaTeX package
) (C:\Program Files\MiKTeX\tex/latex/lm\lmodern.sty
Package: lmodern 2009/10/30 v1.6 Latin Modern Fonts
LaTeX Font Info:    Overwriting symbol font `operators' in version `normal'
(Font)                  OT1/cmr/m/n --> OT1/lmr/m/n on input line 22.
LaTeX Font Info:    Overwriting symbol font `letters' in version `normal'
(Font)                  OML/cmm/m/it --> OML/lmm/m/it on input line 23.
LaTeX Font Info:    Overwriting symbol font `symbols' in version `normal'
(Font)                  OMS/cmsy/m/n --> OMS/lmsy/m/n on input line 24.
LaTeX Font Info:    Overwriting symbol font `largesymbols' in version `normal'
(Font)                  OMX/cmex/m/n --> OMX/lmex/m/n on input line 25.
LaTeX Font Info:    Overwriting symbol font `operators' in version `bold'
(Font)                  OT1/cmr/bx/n --> OT1/lmr/bx/n on input line 26.
LaTeX Font Info:    Overwriting symbol font `letters' in version `bold'
(Font)                  OML/cmm/b/it --> OML/lmm/b/it on input line 27.
LaTeX Font Info:    Overwriting symbol font `symbols' in version `bold'
(Font)                  OMS/cmsy/b/n --> OMS/lmsy/b/n on input line 28.
LaTeX Font Info:    Overwriting symbol font `largesymbols' in version `bold'
(Font)                  OMX/cmex/m/n --> OMX/lmex/m/n on input line 29.
LaTeX Font Info:    Overwriting math alphabet `\mathbf' in version `normal'
(Font)                  OT1/cmr/bx/n --> OT1/lmr/bx/n on input line 31.
LaTeX Font Info:    Overwriting math alphabet `\mathsf' in version `normal'
(Font)                  OT1/cmss/m/n --> OT1/lmss/m/n on input line 32.
LaTeX Font Info:    Overwriting math alphabet `\mathit' in version `normal'
(Font)                  OT1/cmr/m/it --> OT1/lmr/m/it on input line 33.
LaTeX Font Info:    Overwriting math alphabet `\mathtt' in version `normal'
(Font)                  OT1/cmtt/m/n --> OT1/lmtt/m/n on input line 34.
LaTeX Font Info:    Overwriting math alphabet `\mathbf' in version `bold'
(Font)                  OT1/cmr/bx/n --> OT1/lmr/bx/n on input line 35.
LaTeX Font Info:    Overwriting math alphabet `\mathsf' in version `bold'
(Font)                  OT1/cmss/bx/n --> OT1/lmss/bx/n on input line 36.
LaTeX Font Info:    Overwriting math alphabet `\mathit' in version `bold'
(Font)                  OT1/cmr/bx/it --> OT1/lmr/bx/it on input line 37.
LaTeX Font Info:    Overwriting math alphabet `\mathtt' in version `bold'
(Font)                  OT1/cmtt/m/n --> OT1/lmtt/m/n on input line 38.
) (C:\Program Files\MiKTeX\tex/latex/tools\indentfirst.sty
Package: indentfirst 1995/11/23 v1.03 Indent first paragraph (DPC)
)
LaTeX Font Info:    Trying to load font information for T1+lmr on input line 80.
 (C:\Program Files\MiKTeX\tex/latex/lm\t1lmr.fd
File: t1lmr.fd 2009/10/30 v1.6 Font defs for Latin Modern
) (DVV_LAB6_PAUL.aux)
\openout1 = `DVV_LAB6_PAUL.aux'.

LaTeX Font Info:    Checking defaults for OML/cmm/m/it on input line 80.
LaTeX Font Info:    ... okay on input line 80.
LaTeX Font Info:    Checking defaults for OMS/cmsy/m/n on input line 80.
LaTeX Font Info:    ... okay on input line 80.
LaTeX Font Info:    Checking defaults for OT1/cmr/m/n on input line 80.
LaTeX Font Info:    ... okay on input line 80.
LaTeX Font Info:    Checking defaults for T1/cmr/m/n on input line 80.
LaTeX Font Info:    ... okay on input line 80.
LaTeX Font Info:    Checking defaults for TS1/cmr/m/n on input line 80.
LaTeX Font Info:    ... okay on input line 80.
LaTeX Font Info:    Checking defaults for OMX/cmex/m/n on input line 80.
LaTeX Font Info:    ... okay on input line 80.
LaTeX Font Info:    Checking defaults for U/cmr/m/n on input line 80.
LaTeX Font Info:    ... okay on input line 80.
LaTeX Font Info:    Checking defaults for PD1/pdf/m/n on input line 80.
LaTeX Font Info:    ... okay on input line 80.
LaTeX Font Info:    Checking defaults for PU/pdf/m/n on input line 80.
LaTeX Font Info:    ... okay on input line 80.

*geometry* driver: auto-detecting
*geometry* detected driver: pdftex
*geometry* verbose mode - [ preamble ] result:
* driver: pdftex
* paper: a4paper
* layout: <same size as paper>
* layoutoffset:(h,v)=(0.0pt,0.0pt)
* modes: 
* h-part:(L,W,R)=(48.36958pt, 500.7687pt, 48.36958pt)
* v-part:(T,H,B)=(56.9055pt, 731.23584pt, 56.9055pt)
* \paperwidth=597.50787pt
* \paperheight=845.04684pt
* \textwidth=500.7687pt
* \textheight=731.23584pt
* \oddsidemargin=-23.9004pt
* \evensidemargin=-23.9004pt
* \topmargin=-15.36449pt
* \headheight=0.0pt
* \headsep=0.0pt
* \topskip=10.0pt
* \footskip=14.22636pt
* \marginparwidth=57.0pt
* \marginparsep=11.0pt
* \columnsep=10.0pt
* \skip\footins=9.0pt plus 4.0pt minus 2.0pt
* \hoffset=0.0pt
* \voffset=0.0pt
* \mag=1000
* \@twocolumnfalse
* \@twosidefalse
* \@mparswitchfalse
* \@reversemarginfalse
* (1in=72.27pt=25.4mm, 1cm=28.453pt)

(C:\Program Files\MiKTeX\tex/context/base/mkii\supp-pdf.mkii
[Loading MPS to PDF converter (version 2006.09.02).]
\scratchcounter=\count328
\scratchdimen=\dimen370
\scratchbox=\box75
\nofMPsegments=\count329
\nofMParguments=\count330
\everyMPshowfont=\toks38
\MPscratchCnt=\count331
\MPscratchDim=\dimen371
\MPnumerator=\count332
\makeMPintoPDFobject=\count333
\everyMPtoPDFconversion=\toks39
) (C:\Program Files\MiKTeX\tex/latex/epstopdf-pkg\epstopdf-base.sty
Package: epstopdf-base 2020-01-24 v2.11 Base part for package epstopdf
Package epstopdf-base Info: Redefining graphics rule for `.eps' on input line 485.
 (C:\Program Files\MiKTeX\tex/latex/00miktex\epstopdf-sys.cfg
File: epstopdf-sys.cfg 2021/03/18 v2.0 Configuration of epstopdf for MiKTeX
))
Package hyperref Info: Link coloring OFF on input line 80.
 (C:\Program Files\MiKTeX\tex/latex/hyperref\nameref.sty
Package: nameref 2021-04-02 v2.47 Cross-referencing by name of section
 (C:\Users\Filip\AppData\Roaming\MiKTeX\tex/latex/refcount\refcount.sty
Package: refcount 2019/12/15 v3.6 Data extraction from label references (HO)
) (C:\Users\Filip\AppData\Roaming\MiKTeX\tex/generic/gettitlestring\gettitlestring.sty
Package: gettitlestring 2019/12/15 v1.6 Cleanup title references (HO)
)
\c@section@level=\count334
)
LaTeX Info: Redefining \ref on input line 80.
LaTeX Info: Redefining \pageref on input line 80.
LaTeX Info: Redefining \nameref on input line 80.
 (DVV_LAB6_PAUL.out) (DVV_LAB6_PAUL.out)
\@outlinefile=\write4
\openout4 = `DVV_LAB6_PAUL.out'.

Package caption Info: Begin \AtBeginDocument code.
Package caption Info: listings package is loaded.
Package caption Info: End \AtBeginDocument code.
 (C:\Users\Filip\AppData\Roaming\MiKTeX\tex/latex/pdflscape\pdflscape.sty
Package: pdflscape 2019/12/05 v0.12 Display of landscape pages in PDF (HO)
 (C:\Program Files\MiKTeX\tex/latex/graphics\lscape.sty
Package: lscape 2020/05/28 v3.02 Landscape Pages (DPC)
)
Package pdflscape Info: Auto-detected driver: pdftex on input line 81.
)
\c@lstlisting=\count335
LaTeX Font Info:    Trying to load font information for OT1+lmr on input line 114.
 (C:\Program Files\MiKTeX\tex/latex/lm\ot1lmr.fd
File: ot1lmr.fd 2009/10/30 v1.6 Font defs for Latin Modern
)
LaTeX Font Info:    Trying to load font information for OML+lmm on input line 114.
 (C:\Program Files\MiKTeX\tex/latex/lm\omllmm.fd
File: omllmm.fd 2009/10/30 v1.6 Font defs for Latin Modern
)
LaTeX Font Info:    Trying to load font information for OMS+lmsy on input line 114.
 (C:\Program Files\MiKTeX\tex/latex/lm\omslmsy.fd
File: omslmsy.fd 2009/10/30 v1.6 Font defs for Latin Modern
)
LaTeX Font Info:    Trying to load font information for OMX+lmex on input line 114.
 (C:\Program Files\MiKTeX\tex/latex/lm\omxlmex.fd
File: omxlmex.fd 2009/10/30 v1.6 Font defs for Latin Modern
)
LaTeX Font Info:    External font `lmex10' loaded for size
(Font)              <10> on input line 114.
LaTeX Font Info:    External font `lmex10' loaded for size
(Font)              <7> on input line 114.
LaTeX Font Info:    External font `lmex10' loaded for size
(Font)              <5> on input line 114.
LaTeX Font Info:    Trying to load font information for U+msa on input line 114.
 (C:\Program Files\MiKTeX\tex/latex/amsfonts\umsa.fd
File: umsa.fd 2013/01/14 v3.01 AMS symbols A
)
LaTeX Font Info:    Trying to load font information for U+msb on input line 114.
 (C:\Program Files\MiKTeX\tex/latex/amsfonts\umsb.fd
File: umsb.fd 2013/01/14 v3.01 AMS symbols B
)
Overfull \hbox (18.4265pt too wide) in paragraph at lines 96--115
[][] 
 []

Package epstopdf Info: Source file: <SNR_CN.eps>
(epstopdf)                    date: 2022-11-15 11:20:20
(epstopdf)                    size: 31138 bytes
(epstopdf)             Output file: <SNR_CN-eps-converted-to.pdf>
(epstopdf)                    date: 2022-11-15 11:20:22
(epstopdf)                    size: 9757 bytes
(epstopdf)             Command: <miktex-epstopdf --outfile=SNR_CN-eps-converted-to.pdf SNR_CN.eps>
(epstopdf)             \includegraphics on input line 119.
Package epstopdf Info: Output file is already uptodate.


pdfTeX warning: pdflatex (file ./SNR_CN-eps-converted-to.pdf): PDF inclusion: found PDF version <1.7>, but at most version <1.5> allowed
<SNR_CN-eps-converted-to.pdf, id=14, 361.35pt x 302.12875pt>
File: SNR_CN-eps-converted-to.pdf Graphic file (type pdf)
<use SNR_CN-eps-converted-to.pdf>
Package pdftex.def Info: SNR_CN-eps-converted-to.pdf  used on input line 119.
(pdftex.def)             Requested size: 225.34438pt x 188.41508pt.
Package epstopdf Info: Source file: <SNR_CN_TM_MODES.eps>
(epstopdf)                    date: 2022-11-15 11:20:20
(epstopdf)                    size: 31129 bytes
(epstopdf)             Output file: <SNR_CN_TM_MODES-eps-converted-to.pdf>
(epstopdf)                    date: 2022-11-15 11:20:23
(epstopdf)                    size: 9994 bytes
(epstopdf)             Command: <miktex-epstopdf --outfile=SNR_CN_TM_MODES-eps-converted-to.pdf SNR_CN_TM_MODES.eps>
(epstopdf)             \includegraphics on input line 153.
Package epstopdf Info: Output file is already uptodate.


pdfTeX warning: pdflatex (file ./SNR_CN_TM_MODES-eps-converted-to.pdf): PDF inclusion: found PDF version <1.7>, but at most version <1.5> allowed
<SNR_CN_TM_MODES-eps-converted-to.pdf, id=15, 361.35pt x 302.12875pt>
File: SNR_CN_TM_MODES-eps-converted-to.pdf Graphic file (type pdf)
<use SNR_CN_TM_MODES-eps-converted-to.pdf>
Package pdftex.def Info: SNR_CN_TM_MODES-eps-converted-to.pdf  used on input line 153.
(pdftex.def)             Requested size: 225.34438pt x 188.41508pt.
[1

{C:/Users/Filip/AppData/Local/MiKTeX/fonts/map/pdftex/pdftex.map} <./SNR_CN-eps-converted-to.pdf> <./SNR_CN_TM_MODES-eps-converted-to.pdf>]
Package epstopdf Info: Source file: <SNR_CN_CHANNELS.eps>
(epstopdf)                    date: 2022-11-15 11:20:20
(epstopdf)                    size: 32696 bytes
(epstopdf)             Output file: <SNR_CN_CHANNELS-eps-converted-to.pdf>
(epstopdf)                    date: 2022-11-15 11:24:32
(epstopdf)                    size: 10401 bytes
(epstopdf)             Command: <miktex-epstopdf --outfile=SNR_CN_CHANNELS-eps-converted-to.pdf SNR_CN_CHANNELS.eps>
(epstopdf)             \includegraphics on input line 191.
Package epstopdf Info: Output file is already uptodate.


pdfTeX warning: pdflatex (file ./SNR_CN_CHANNELS-eps-converted-to.pdf): PDF inclusion: found PDF version <1.7>, but at most version <1.5> allowed
<SNR_CN_CHANNELS-eps-converted-to.pdf, id=43, 361.35pt x 302.12875pt>
File: SNR_CN_CHANNELS-eps-converted-to.pdf Graphic file (type pdf)
<use SNR_CN_CHANNELS-eps-converted-to.pdf>
Package pdftex.def Info: SNR_CN_CHANNELS-eps-converted-to.pdf  used on input line 191.
(pdftex.def)             Requested size: 225.34438pt x 188.41508pt.
<all_radios.png, id=44, 575.90157pt x 625.58719pt>
File: all_radios.png Graphic file (type png)
<use all_radios.png>
Package pdftex.def Info: all_radios.png  used on input line 203.
(pdftex.def)             Requested size: 134.62509pt x 146.24493pt.
<CRO_BRNO.jpg, id=46, 3661.68pt x 2746.26pt>
File: CRO_BRNO.jpg Graphic file (type jpg)
<use CRO_BRNO.jpg>
Package pdftex.def Info: CRO_BRNO.jpg  used on input line 208.
(pdftex.def)             Requested size: 194.93973pt x 146.24493pt.
<CRO_DAB_PRAHA.jpg, id=47, 4625.28pt x 3468.96pt>
File: CRO_DAB_PRAHA.jpg Graphic file (type jpg)
<use CRO_DAB_PRAHA.jpg>
Package pdftex.def Info: CRO_DAB_PRAHA.jpg  used on input line 213.
(pdftex.def)             Requested size: 194.93091pt x 146.24493pt.
<CRO_DVOJKA.jpg, id=48, 3661.68pt x 2746.26pt>
File: CRO_DVOJKA.jpg Graphic file (type jpg)
<use CRO_DVOJKA.jpg>
Package pdftex.def Info: CRO_DVOJKA.jpg  used on input line 218.
(pdftex.def)             Requested size: 194.93973pt x 146.24493pt.

Overfull \hbox (2.22221pt too wide) in paragraph at lines 201--221
[]$[]$ $[]$
 []


Overfull \hbox (2.22221pt too wide) in paragraph at lines 201--221
[]$ $[]$ 
 []

<DVV_lab6_podpis.pdf, id=49, 597.432pt x 844.95674pt>
File: DVV_lab6_podpis.pdf Graphic file (type pdf)
<use DVV_lab6_podpis.pdf>
Package pdftex.def Info: DVV_lab6_podpis.pdf  used on input line 225.
(pdftex.def)             Requested size: 597.43054pt x 844.95468pt.
File: DVV_lab6_podpis.pdf Graphic file (type pdf)
<use DVV_lab6_podpis.pdf>
Package pdftex.def Info: DVV_lab6_podpis.pdf  used on input line 225.
(pdftex.def)             Requested size: 597.43054pt x 844.95468pt.
<DVV_lab6_podpis.pdf, id=52, page=1, 597.432pt x 844.95674pt>
File: DVV_lab6_podpis.pdf Graphic file (type pdf)
<use DVV_lab6_podpis.pdf, page 1>
Package pdftex.def Info: DVV_lab6_podpis.pdf , page1 used on input line 225.
(pdftex.def)             Requested size: 597.43054pt x 844.95468pt.
File: DVV_lab6_podpis.pdf Graphic file (type pdf)
<use DVV_lab6_podpis.pdf, page 1>
Package pdftex.def Info: DVV_lab6_podpis.pdf , page1 used on input line 225.
(pdftex.def)             Requested size: 597.93192pt x 845.66379pt.
[2

 <./SNR_CN_CHANNELS-eps-converted-to.pdf> <./all_radios.png> <./CRO_BRNO.jpg> <./CRO_DAB_PRAHA.jpg> <./CRO_DVOJKA.jpg>]
File: DVV_lab6_podpis.pdf Graphic file (type pdf)
<use DVV_lab6_podpis.pdf, page 1>
Package pdftex.def Info: DVV_lab6_podpis.pdf , page1 used on input line 225.
(pdftex.def)             Requested size: 597.93192pt x 845.66379pt.
File: DVV_lab6_podpis.pdf Graphic file (type pdf)
<use DVV_lab6_podpis.pdf, page 1>
Package pdftex.def Info: DVV_lab6_podpis.pdf , page1 used on input line 225.
(pdftex.def)             Requested size: 597.93192pt x 845.66379pt.
File: DVV_lab6_podpis.pdf Graphic file (type pdf)
<use DVV_lab6_podpis.pdf, page 1>
Package pdftex.def Info: DVV_lab6_podpis.pdf , page1 used on input line 225.
(pdftex.def)             Requested size: 597.93192pt x 845.66379pt.
 [3 <./DVV_lab6_podpis.pdf

pdfTeX warning: pdflatex (file ./DVV_lab6_podpis.pdf): PDF inclusion: Subtype in Resources dict is not a name (key 'Subtype', type <stream>); ignored.
>]
<../LAB2/DVV_LAB2_PAUL.pdf, id=76, 597.50829pt x 845.0471pt>
File: ../LAB2/DVV_LAB2_PAUL.pdf Graphic file (type pdf)
<use ../LAB2/DVV_LAB2_PAUL.pdf>
Package pdftex.def Info: ../LAB2/DVV_LAB2_PAUL.pdf  used on input line 226.
(pdftex.def)             Requested size: 597.50682pt x 845.04504pt.
File: ../LAB2/DVV_LAB2_PAUL.pdf Graphic file (type pdf)
<use ../LAB2/DVV_LAB2_PAUL.pdf>
Package pdftex.def Info: ../LAB2/DVV_LAB2_PAUL.pdf  used on input line 226.
(pdftex.def)             Requested size: 597.50682pt x 845.04504pt.
<../LAB2/DVV_LAB2_PAUL.pdf, id=79, page=1, 597.50829pt x 845.0471pt>
File: ../LAB2/DVV_LAB2_PAUL.pdf Graphic file (type pdf)
<use ../LAB2/DVV_LAB2_PAUL.pdf, page 1>
Package pdftex.def Info: ../LAB2/DVV_LAB2_PAUL.pdf , page1 used on input line 226.
(pdftex.def)             Requested size: 597.50682pt x 845.04504pt.
File: ../LAB2/DVV_LAB2_PAUL.pdf Graphic file (type pdf)
<use ../LAB2/DVV_LAB2_PAUL.pdf, page 1>
Package pdftex.def Info: ../LAB2/DVV_LAB2_PAUL.pdf , page1 used on input line 226.
(pdftex.def)             Requested size: 597.53416pt x 845.08372pt.
File: ../LAB2/DVV_LAB2_PAUL.pdf Graphic file (type pdf)
<use ../LAB2/DVV_LAB2_PAUL.pdf, page 1>
Package pdftex.def Info: ../LAB2/DVV_LAB2_PAUL.pdf , page1 used on input line 226.
(pdftex.def)             Requested size: 597.53416pt x 845.08372pt.
File: ../LAB2/DVV_LAB2_PAUL.pdf Graphic file (type pdf)
<use ../LAB2/DVV_LAB2_PAUL.pdf, page 1>
Package pdftex.def Info: ../LAB2/DVV_LAB2_PAUL.pdf , page1 used on input line 226.
(pdftex.def)             Requested size: 597.53416pt x 845.08372pt.
File: ../LAB2/DVV_LAB2_PAUL.pdf Graphic file (type pdf)
<use ../LAB2/DVV_LAB2_PAUL.pdf, page 1>
Package pdftex.def Info: ../LAB2/DVV_LAB2_PAUL.pdf , page1 used on input line 226.
(pdftex.def)             Requested size: 597.53416pt x 845.08372pt.
 [4 <../LAB2/DVV_LAB2_PAUL.pdf>]
<../LAB2/DVV_LAB2_PAUL.pdf, id=110, page=2, 597.50829pt x 845.0471pt>
File: ../LAB2/DVV_LAB2_PAUL.pdf Graphic file (type pdf)
<use ../LAB2/DVV_LAB2_PAUL.pdf, page 2>
Package pdftex.def Info: ../LAB2/DVV_LAB2_PAUL.pdf , page2 used on input line 226.
(pdftex.def)             Requested size: 597.53416pt x 845.08372pt.
File: ../LAB2/DVV_LAB2_PAUL.pdf Graphic file (type pdf)
<use ../LAB2/DVV_LAB2_PAUL.pdf, page 2>
Package pdftex.def Info: ../LAB2/DVV_LAB2_PAUL.pdf , page2 used on input line 226.
(pdftex.def)             Requested size: 597.53416pt x 845.08372pt.
File: ../LAB2/DVV_LAB2_PAUL.pdf Graphic file (type pdf)
<use ../LAB2/DVV_LAB2_PAUL.pdf, page 2>
Package pdftex.def Info: ../LAB2/DVV_LAB2_PAUL.pdf , page2 used on input line 226.
(pdftex.def)             Requested size: 597.53416pt x 845.08372pt.
 [5 <../LAB2/DVV_LAB2_PAUL.pdf>] (DVV_LAB6_PAUL.aux)
Package rerunfilecheck Info: File `DVV_LAB6_PAUL.out' has not changed.
(rerunfilecheck)             Checksum: AE3562A2B8D349E298737565C71BD56C;307.
 ) 
Here is how much of TeX's memory you used:
 18137 strings out of 478582
 314268 string characters out of 2854159
 739273 words of memory out of 3000000
 35959 multiletter control sequences out of 15000+600000
 497258 words of font info for 50 fonts, out of 8000000 for 9000
 1141 hyphenation exceptions out of 8191
 94i,17n,92p,368b,459s stack positions out of 10000i,1000n,20000p,200000b,80000s
{C:/Program Files/MiKTeX/fonts/enc/dvips/lm/lm-mathsy.enc}{C:/Program Files/MiKTeX/fonts/enc/dvips/lm/lm-ec.enc}<C:/Program Files/MiKTeX/fonts/type1/public/lm/lmbx10.pfb><C:/Program Files/MiKTeX/fonts/type1/public/lm/lmbx12.pfb><C:/Program Files/MiKTeX/fonts/type1/public/lm/lmr10.pfb><C:/Program Files/MiKTeX/fonts/type1/public/lm/lmr12.pfb><C:/Program Files/MiKTeX/fonts/type1/public/lm/lmsy10.pfb>
Output written on DVV_LAB6_PAUL.pdf (5 pages, 19590572 bytes).
PDF statistics:
 145 PDF objects out of 1000 (max. 8388607)
 12 named destinations out of 1000 (max. 500000)
 109 words of extra memory for PDF output out of 10000 (max. 10000000)

